{
  "RSpec": {
    "coverage": {
      "/Users/kn/Projects/findjob-backend/spec/facades/salary_facade_spec.rb": {
        "lines": [
          1,
          null,
          1,
          1,
          1,
          1,
          1,
          1,
          null,
          1,
          1,
          1,
          1,
          1,
          1,
          null,
          null,
          null,
          null
        ]
      },
      "/Users/kn/Projects/findjob-backend/spec/rails_helper.rb": {
        "lines": [
          null,
          1,
          1,
          1,
          null,
          1,
          1,
          null,
          null,
          null,
          null,
          null,
          null,
          null,
          null,
          null,
          null,
          null,
          null,
          null,
          null,
          null,
          null,
          null,
          null,
          null,
          1,
          1,
          null,
          0,
          0,
          null,
          1,
          null,
          1,
          null,
          null,
          null,
          null,
          1,
          null,
          null,
          null,
          null,
          null,
          null,
          null,
          null,
          null,
          null,
          null,
          null,
          null,
          null,
          null,
          null,
          null,
          1,
          null,
          null,
          1,
          null,
          null,
          null,
          null,
          1,
          1,
          null,
          null,
          1,
          1,
          1,
          1,
          null,
          null,
          1,
          1,
          1,
          1,
          1,
          1,
          null
        ]
      },
      "/Users/kn/Projects/findjob-backend/config/environment.rb": {
        "lines": [
          null,
          1,
          null,
          null,
          1
        ]
      },
      "/Users/kn/Projects/findjob-backend/config/application.rb": {
        "lines": [
          1,
          null,
          1,
          null,
          1,
          1,
          1,
          1,
          1,
          1,
          1,
          1,
          null,
          1,
          null,
          null,
          null,
          1,
          null,
          1,
          1,
          null,
          1,
          null,
          null,
          null,
          null,
          null,
          null,
          null,
          null,
          null,
          1,
          null,
          null
        ]
      },
      "/Users/kn/Projects/findjob-backend/config/boot.rb": {
        "lines": [
          1,
          null,
          1,
          1
        ]
      },
      "/Users/kn/Projects/findjob-backend/config/environments/test.rb": {
        "lines": [
          1,
          null,
          null,
          null,
          null,
          null,
          null,
          1,
          null,
          null,
          null,
          null,
          1,
          null,
          null,
          1,
          1,
          null,
          null,
          null,
          null,
          1,
          1,
          null,
          null,
          1,
          null,
          null,
          1,
          null,
          null,
          1,
          null,
          1,
          null,
          null,
          null,
          null,
          1,
          null,
          null,
          1,
          null,
          null,
          null,
          null
        ]
      },
      "/Users/kn/Projects/findjob-backend/config/initializers/application_controller_renderer.rb": {
        "lines": [
          null,
          null,
          null,
          null,
          null,
          null,
          null,
          null
        ]
      },
      "/Users/kn/Projects/findjob-backend/config/initializers/backtrace_silencers.rb": {
        "lines": [
          null,
          null,
          null,
          null,
          null,
          null,
          null
        ]
      },
      "/Users/kn/Projects/findjob-backend/config/initializers/cors.rb": {
        "lines": [
          null,
          null,
          null,
          null,
          null,
          null,
          null,
          1,
          1,
          1,
          1,
          null,
          null,
          null,
          null
        ]
      },
      "/Users/kn/Projects/findjob-backend/config/initializers/filter_parameter_logging.rb": {
        "lines": [
          null,
          null,
          null,
          1
        ]
      },
      "/Users/kn/Projects/findjob-backend/config/initializers/inflections.rb": {
        "lines": [
          null,
          null,
          null,
          null,
          null,
          null,
          null,
          null,
          null,
          null,
          null,
          null,
          null,
          null,
          null,
          null
        ]
      },
      "/Users/kn/Projects/findjob-backend/config/initializers/mime_types.rb": {
        "lines": [
          null,
          null,
          null,
          null
        ]
      },
      "/Users/kn/Projects/findjob-backend/config/initializers/wrap_parameters.rb": {
        "lines": [
          null,
          null,
          null,
          null,
          null,
          null,
          1,
          2,
          null,
          null,
          null,
          null,
          null,
          null
        ]
      },
      "/Users/kn/Projects/findjob-backend/spec/factories/job_listings.rb": {
        "lines": [
          1,
          1,
          1,
          1,
          1,
          1,
          1,
          1,
          null,
          null
        ]
      },
      "/Users/kn/Projects/findjob-backend/spec/factories/salaries.rb": {
        "lines": [
          1,
          1,
          1,
          1,
          1,
          1,
          null,
          null
        ]
      },
      "/Users/kn/Projects/findjob-backend/spec/factories/saved_jobs.rb": {
        "lines": [
          1,
          1,
          1,
          1,
          1,
          1,
          1,
          null,
          null
        ]
      },
      "/Users/kn/Projects/findjob-backend/spec/factories/users.rb": {
        "lines": [
          1,
          1,
          1,
          1,
          1,
          1,
          1,
          1,
          1,
          9,
          null,
          null
        ]
      },
      "/Users/kn/Projects/findjob-backend/config/routes.rb": {
        "lines": [
          1,
          1,
          1,
          1,
          1,
          1,
          null,
          null,
          null
        ]
      },
      "/Users/kn/Projects/findjob-backend/app/facades/salary_facade.rb": {
        "lines": [
          1,
          null,
          1,
          1,
          1,
          1,
          87,
          87,
          1,
          84,
          null,
          null,
          null,
          1,
          85,
          85,
          85,
          510,
          null,
          null,
          null,
          null,
          null,
          510,
          null,
          null,
          null
        ]
      },
      "/Users/kn/Projects/findjob-backend/spec/models/job_listing_spec.rb": {
        "lines": [
          1,
          null,
          1,
          1,
          2,
          2,
          2,
          2,
          2,
          null,
          null
        ]
      },
      "/Users/kn/Projects/findjob-backend/app/models/job_listing.rb": {
        "lines": [
          1,
          1,
          null
        ]
      },
      "/Users/kn/Projects/findjob-backend/app/models/application_record.rb": {
        "lines": [
          1,
          1,
          null
        ]
      },
      "/Users/kn/Projects/findjob-backend/spec/models/salary_spec.rb": {
        "lines": [
          1,
          null,
          1,
          null
        ]
      },
      "/Users/kn/Projects/findjob-backend/app/models/salary.rb": {
        "lines": [
          1,
          1,
          null
        ]
      },
      "/Users/kn/Projects/findjob-backend/spec/models/saved_job_spec.rb": {
        "lines": [
          1,
          null,
          1,
          1,
          2,
          null,
          null,
          1,
          2,
          2,
          2,
          2,
          null,
          null
        ]
      },
      "/Users/kn/Projects/findjob-backend/app/models/saved_job.rb": {
        "lines": [
          1,
          1,
          1,
          null
        ]
      },
      "/Users/kn/Projects/findjob-backend/spec/models/user_spec.rb": {
        "lines": [
          1,
          null,
          1,
          1,
          2,
          null,
          null,
          1,
          2,
          2,
          2,
          2,
          2,
          null,
          null,
          null
        ]
      },
      "/Users/kn/Projects/findjob-backend/app/models/user.rb": {
        "lines": [
          1,
          1,
          1,
          1,
          1,
          1,
          null
        ]
      },
      "/Users/kn/Projects/findjob-backend/spec/requests/api/v1/job_listings/job_listings_request_spec.rb": {
        "lines": [
          1,
          null,
          1,
          null,
          null
        ]
      },
      "/Users/kn/Projects/findjob-backend/spec/requests/api/v1/salaries/salaries_get_request_spec.rb": {
        "lines": [
          1,
          null,
          1,
          1,
          1,
          1,
          null,
          1,
          1,
          null,
          1,
          1,
          1,
          1,
          1,
          1,
          1,
          1,
          null,
          null,
          null,
          1,
          1,
          1,
          null,
          1,
          1,
          1,
          null,
          null,
          null
        ]
      },
      "/Users/kn/Projects/findjob-backend/spec/requests/api/v1/sessions/sessions_post_request_spec.rb": {
        "lines": [
          1,
          null,
          1,
          1,
          7,
          null,
          null,
          null,
          null,
          null,
          null,
          null,
          null,
          null,
          7,
          null,
          null,
          null,
          null,
          7,
          null,
          null,
          null,
          7,
          null,
          null,
          null,
          null,
          7,
          null,
          null,
          null,
          7,
          null,
          null,
          null,
          null,
          7,
          null,
          null,
          null,
          null,
          7,
          null,
          null,
          null,
          null,
          null,
          null,
          1,
          1,
          1,
          null,
          null,
          null,
          null,
          null,
          null,
          null,
          null,
          null,
          null,
          null,
          1,
          1,
          1,
          null,
          1,
          1,
          1,
          1,
          1,
          null,
          null,
          null,
          1,
          1,
          1,
          1,
          1,
          1,
          null,
          null,
          1,
          1,
          1,
          1,
          1,
          null,
          null,
          1,
          1,
          1,
          1,
          1,
          null,
          null,
          1,
          1,
          1,
          1,
          1,
          null,
          null,
          1,
          1,
          1,
          1,
          1,
          null,
          null,
          1,
          1,
          1,
          1,
          1,
          null,
          null,
          null
        ]
      },
      "/Users/kn/Projects/findjob-backend/spec/requests/api/v1/users/users_post_request_spec.rb": {
        "lines": [
          1,
          null,
          1,
          1,
          1,
          1,
          null,
          null,
          null,
          null,
          null,
          null,
          null,
          null,
          null,
          null,
          1,
          1,
          1,
          null,
          1,
          1,
          1,
          null,
          null,
          null,
          1,
          1,
          1,
          null,
          null,
          null,
          null,
          null,
          null,
          null,
          null,
          1,
          null,
          null,
          null,
          null,
          null,
          null,
          null,
          null,
          null,
          null,
          1,
          1,
          1,
          1,
          null,
          1,
          1,
          null,
          null,
          1,
          1,
          null,
          null,
          null,
          null,
          null,
          null,
          null,
          null,
          null,
          1,
          1,
          1,
          1,
          null,
          1,
          1,
          null,
          null,
          1,
          1,
          null,
          null,
          null,
          null,
          null,
          null,
          null,
          null,
          null,
          null,
          1,
          1,
          1,
          1,
          1,
          1,
          null,
          null,
          1,
          1,
          null,
          null,
          null,
          null,
          null,
          null,
          null,
          null,
          null,
          1,
          1,
          1,
          1,
          null,
          1,
          1,
          null,
          1,
          null,
          null,
          null,
          null,
          null,
          null,
          null,
          null,
          null,
          1,
          1,
          1,
          1,
          null,
          1,
          1,
          null,
          null,
          1,
          1,
          null,
          null,
          null,
          null,
          null,
          null,
          null,
          null,
          null,
          null,
          1,
          1,
          1,
          1,
          1,
          1,
          null,
          null,
          1,
          1,
          null,
          null,
          null,
          null,
          null,
          null,
          null,
          null,
          null,
          1,
          1,
          1,
          1,
          1,
          1,
          null,
          1,
          null,
          null,
          null,
          null,
          null,
          null,
          null,
          null,
          null,
          1,
          1,
          1,
          1,
          1,
          1,
          null,
          null,
          1,
          1,
          null,
          null,
          null,
          null,
          null,
          null,
          null,
          null,
          null,
          1,
          1,
          1,
          1,
          1,
          1,
          null,
          1,
          null,
          null,
          null,
          null,
          null,
          null,
          null,
          null,
          null,
          1,
          1,
          1,
          1,
          1,
          1,
          null,
          1,
          null,
          null,
          null,
          null,
          null,
          null,
          null,
          null,
          null,
          1,
          1,
          1,
          1,
          1,
          1,
          null,
          null,
          1,
          1,
          null,
          null,
          null,
          null,
          null,
          null,
          null,
          null,
          null,
          null,
          1,
          1,
          1,
          1,
          1,
          1,
          null,
          null,
          null
        ]
      },
      "/Users/kn/Projects/findjob-backend/spec/services/salary_service_spec.rb": {
        "lines": [
          1,
          null,
          1,
          1,
          null,
          null,
          null,
          null,
          null,
          null,
          null,
          null,
          null,
          null,
          null,
          null,
          null,
          null,
          1,
          1,
          1,
          null,
          1,
          1,
          1,
          1,
          1,
          null,
          null,
          null,
          null,
          null,
          null,
          null,
          null,
          null,
          null
        ]
      },
      "/Users/kn/Projects/findjob-backend/app/services/salary_service.rb": {
        "lines": [
          1,
          1,
          1,
          null,
          null,
          1,
          87,
          null,
          null,
          1,
          1,
          88,
          null,
          null,
          null,
          null,
          null,
          null,
          null,
          null,
          1,
          86,
          86,
          86,
          86,
          86,
          602,
          31304,
          516,
          null,
          null,
          null,
          null,
          null,
          null,
          null,
          86,
          null,
          null
        ]
      },
      "/Users/kn/Projects/findjob-backend/app/controllers/api/v1/salaries_controller.rb": {
        "lines": [
          1,
          1,
          2,
          1,
          1,
          null,
          1,
          null,
          1,
          null,
          null,
          null
        ]
      },
      "/Users/kn/Projects/findjob-backend/app/controllers/application_controller.rb": {
        "lines": [
          1,
          1,
          3,
          null,
          null,
          1,
          1,
          1,
          null,
          null,
          null,
          1,
          11,
          null,
          null
        ]
      },
      "/Users/kn/Projects/findjob-backend/app/serializers/salary_serializer.rb": {
        "lines": [
          1,
          1,
          1,
          null
        ]
      },
      "/Users/kn/Projects/findjob-backend/app/controllers/api/v1/sessions_controller.rb": {
        "lines": [
          1,
          1,
          7,
          5,
          null,
          5,
          1,
          1,
          null,
          4,
          null,
          null,
          null,
          1,
          null,
          1,
          16,
          null,
          null
        ]
      },
      "/Users/kn/Projects/findjob-backend/app/serializers/user_serializer.rb": {
        "lines": [
          1,
          1,
          1,
          null
        ]
      },
      "/Users/kn/Projects/findjob-backend/app/controllers/api/v1/users_controller.rb": {
        "lines": [
          1,
          1,
          13,
          12,
          12,
          12,
          12,
          1,
          null,
          11,
          null,
          null,
          null,
          1,
          null,
          1,
          49,
          null,
          null
        ]
      }
    },
    "timestamp": 1621181637
  }
}
